{
  "RSpec": {
    "coverage": {
      "/vagrant/standup_app/app/models/user.rb": [
        1,
        null,
        null,
        1,
        null,
        1,
        null,
        null
      ],
      "/vagrant/standup_app/app/models/application_record.rb": [
        1,
        1,
        null
      ],
      "/vagrant/standup_app/app/helpers/activity_helper.rb": [
        1,
        null
      ],
      "/vagrant/standup_app/app/helpers/application_helper.rb": [
        1,
        1,
        null,
        null,
        null,
        null,
        null,
        0,
        null,
        1,
        0,
        0,
        0,
        null,
        0,
        null,
        null,
        0,
        null,
        null,
        null,
        null,
        null
      ],
      "/vagrant/standup_app/app/helpers/devise_helper.rb": [
        1,
        1,
        0,
        null,
        0,
        null,
        0,
        null,
        null,
        null,
        0,
        null,
        null,
        null,
        null,
        null,
        null,
        0,
        null,
        null
      ],
      "/vagrant/standup_app/app/channels/application_cable/channel.rb": [
        0,
        0,
        0,
        0
      ],
      "/vagrant/standup_app/app/channels/application_cable/connection.rb": [
        0,
        0,
        0,
        0
      ],
      "/vagrant/standup_app/app/controllers/accounts_controller.rb": [
        0,
        null,
        0,
        0,
        0,
        0,
        null,
        0,
        0,
        0,
        0,
        0,
        0,
        0,
        0,
        0,
        0,
        null,
        0,
        0,
        0,
        0,
        null,
        0
      ],
      "/vagrant/standup_app/app/controllers/activity_controller.rb": [
        0,
        0,
        0,
        null,
        0,
        0,
        0
      ],
      "/vagrant/standup_app/app/controllers/application_controller.rb": [
        0,
        0,
        null,
        0,
        0,
        null,
        0,
        null,
        0,
        0,
        0,
        0,
        0,
        0,
        0,
        0
      ],
      "/vagrant/standup_app/app/jobs/application_job.rb": [
        0,
        0
      ],
      "/vagrant/standup_app/app/mailers/application_mailer.rb": [
        0,
        0,
        0,
        0
      ],
      "/vagrant/standup_app/app/models/account.rb": [
        0,
        null,
        0,
        0,
        null,
        0
      ]
    },
    "timestamp": 1510750867
  }
}
